thomas@XancL03:~/eui/t972/packages/apps/TV/common$ mm showcommands
15:35:56 Took 20ms to start up.
15:35:57 Starting build with args: [MODULES-IN-packages-apps-TV-common]
15:35:57 Environment: [XDG_VTNR=7 ANDROID_DEV_SCRIPTS=/home/thomas/eui/t972/development/scripts:/home/thomas/eui/t972/prebuilts/devtools/tools:/home/thomas/eui/t972/external/selinux/prebuilts/bin:/home/thomas/eui/t972/toolchain/gcc-linaro-6.3.1-2017.02-x86_64_arm-linux-gnueabihf/bin:/home/thomas/eui/t972/toolchain/arm_eabi-2011.03/bin:/home/thomas/eui/t972/toolchain/gcc-linaro-aarch64-none-elf-4.8-2013.11_linux/bin:/home/thomas/eui/t972/prebuilts/misc/linux-x86/dtc:/home/thomas/eui/t972/prebuilts/misc/linux-x86/libufdt XDG_SESSION_ID=c2 ONE_SHOT_MAKEFILE=packages/apps/TV/common/Android.mk CLUTTER_IM_MODULE=xim SELINUX_INIT=YES XDG_GREETER_DATA_DIR=/var/lib/lightdm-data/thomas LETV_UI_TYPE=cibn ANDROID_PRE_BUILD_PATHS=/home/thomas/eui/t972/prebuilts/jdk/jdk9/linux-x86/bin: TRACE_BEGIN_SOONG=1584948956872960137 ANDROID_PRODUCT_OUT=/home/thomas/eui/t972/out/target/product/letv_gae ANDROID_BUILD_TOP=/home/thomas/eui/t972 GPG_AGENT_INFO=/run/user/1000/keyring-9LUsWs/gpg:0:1 SHELL=/bin/bash VTE_VERSION=3409 TERM=xterm ANDROID_TARGET_OUT_TESTCASES=/home/thomas/eui/t972/out/target/product/letv_gae/testcases WINDOWID=60817420 GNOME_KEYRING_CONTROL=/run/user/1000/keyring-9LUsWs UPSTART_SESSION=unix:abstract=/com/ubuntu/upstart-session/1000/1651 OLDPWD=/home/thomas/eui/t972/packages/apps/TV/common OUT=/home/thomas/eui/t972/out/target/product/letv_gae GTK_MODULES=overlay-scrollbar:unity-gtk-module TARGET_BUILD_VARIANT=userdebug USER=thomas LS_COLORS=rs=0:di=01;34:ln=01;36:mh=00:pi=40;33:so=01;35:do=01;35:bd=40;33;01:cd=40;33;01:or=40;31;01:su=37;41:sg=30;43:ca=30;41:tw=30;42:ow=34;42:st=37;44:ex=01;32:*.tar=01;31:*.tgz=01;31:*.arj=01;31:*.taz=01;31:*.lzh=01;31:*.lzma=01;31:*.tlz=01;31:*.txz=01;31:*.zip=01;31:*.z=01;31:*.Z=01;31:*.dz=01;31:*.gz=01;31:*.lz=01;31:*.xz=01;31:*.bz2=01;31:*.bz=01;31:*.tbz=01;31:*.tbz2=01;31:*.tz=01;31:*.deb=01;31:*.rpm=01;31:*.jar=01;31:*.war=01;31:*.ear=01;31:*.sar=01;31:*.rar=01;31:*.ace=01;31:*.zoo=01;31:*.cpio=01;31:*.7z=01;31:*.rz=01;31:*.jpg=01;35:*.jpeg=01;35:*.gif=01;35:*.bmp=01;35:*.pbm=01;35:*.pgm=01;35:*.ppm=01;35:*.tga=01;35:*.xbm=01;35:*.xpm=01;35:*.tif=01;35:*.tiff=01;35:*.png=01;35:*.svg=01;35:*.svgz=01;35:*.mng=01;35:*.pcx=01;35:*.mov=01;35:*.mpg=01;35:*.mpeg=01;35:*.m2v=01;35:*.mkv=01;35:*.webm=01;35:*.ogm=01;35:*.mp4=01;35:*.m4v=01;35:*.mp4v=01;35:*.vob=01;35:*.qt=01;35:*.nuv=01;35:*.wmv=01;35:*.asf=01;35:*.rm=01;35:*.rmvb=01;35:*.flc=01;35:*.avi=01;35:*.fli=01;35:*.flv=01;35:*.gl=01;35:*.dl=01;35:*.xcf=01;35:*.xwd=01;35:*.yuv=01;35:*.cgm=01;35:*.emf=01;35:*.axv=01;35:*.anx=01;35:*.ogv=01;35:*.ogx=01;35:*.aac=00;36:*.au=00;36:*.flac=00;36:*.mid=00;36:*.midi=00;36:*.mka=00;36:*.mp3=00;36:*.mpc=00;36:*.ogg=00;36:*.ra=00;36:*.wav=00;36:*.axa=00;36:*.oga=00;36:*.spx=00;36:*.xspf=00;36: ASAN_OPTIONS=detect_leaks=0 XDG_SESSION_PATH=/org/freedesktop/DisplayManager/Session0 BUILD_ENV_SEQUENCE_NUMBER=13 XDG_SEAT_PATH=/org/freedesktop/DisplayManager/Seat0 ANDROID_BUILD_PATHS=/home/thomas/eui/t972/out/soong/host/linux-x86/bin:/home/thomas/eui/t972/out/host/linux-x86/bin:/home/thomas/eui/t972/prebuilts/gcc/linux-x86/arm/arm-linux-androideabi-4.9/bin:/home/thomas/eui/t972/development/scripts:/home/thomas/eui/t972/prebuilts/devtools/tools:/home/thomas/eui/t972/external/selinux/prebuilts/bin:/home/thomas/eui/t972/toolchain/gcc-linaro-6.3.1-2017.02-x86_64_arm-linux-gnueabihf/bin:/home/thomas/eui/t972/toolchain/arm_eabi-2011.03/bin:/home/thomas/eui/t972/toolchain/gcc-linaro-aarch64-none-elf-4.8-2013.11_linux/bin:/home/thomas/eui/t972/prebuilts/misc/linux-x86/dtc:/home/thomas/eui/t972/prebuilts/misc/linux-x86/libufdt: ANDROID_HOST_OUT_TESTCASES=/home/thomas/eui/t972/out/host/linux-x86/testcases SSH_AUTH_SOCK=/run/user/1000/keyring-9LUsWs/ssh DEFAULTS_PATH=/usr/share/gconf/ubuntu.default.path TOP=/home/thomas/eui/t972 TARGET_BUILD_APPS= XDG_CONFIG_DIRS=/etc/xdg/xdg-ubuntu:/usr/share/upstart/xdg:/etc/xdg DESKTOP_SESSION=ubuntu TARGET_BUILD_TYPE=release QT_QPA_PLATFORMTHEME=appmenu-qt5 QT_IM_MODULE=xim JOB=gnome-session PWD=/home/thomas/eui/t972 XMODIFIERS=@im=fcitx GNOME_KEYRING_PID=1649 MANDATORY_PATH=/usr/share/gconf/ubuntu.mandatory.path GDM_LANG=en_US ANDROID_TOOLCHAIN=/home/thomas/eui/t972/prebuilts/gcc/linux-x86/arm/arm-linux-androideabi-4.9/bin IM_CONFIG_PHASE=1 COMPIZ_CONFIG_PROFILE=ubuntu ANDROID_TOOLCHAIN_2ND_ARCH= GCC_COLORS=error=01;31:warning=01;35:note=01;36:caret=01;32:locus=01:quote=01 GDMSESSION=ubuntu SESSIONTYPE=gnome-session XDG_SEAT=seat0 HOME=/home/thomas SHLVL=1 LANGUAGE=en_US ANDROID_BUILD_TYPE=32 GNOME_DESKTOP_SESSION_ID=this-is-deprecated ORIGINAL_PWD=/home/thomas/eui/t972/packages/apps/TV/common UPSTART_INSTANCE= LOGNAME=thomas UPSTART_EVENTS=started starting PYTHONPATH=/home/thomas/eui/t972/development/python-packages: QT4_IM_MODULE=fcitx XDG_DATA_DIRS=/usr/share/ubuntu:/usr/share/gnome:/usr/local/share/:/usr/share/ DBUS_SESSION_BUS_ADDRESS=unix:abstract=/tmp/dbus-us442CuGGN TARGET_GCC_VERSION=4.9 LESSOPEN=| /usr/bin/lesspipe %s UPSTART_JOB=unity-settings-daemon TEXTDOMAIN=im-config INSTANCE=Unity XDG_RUNTIME_DIR=/run/user/1000 TARGET_PRODUCT=letv_gae ANDROID_HOST_OUT=/home/thomas/eui/t972/out/host/linux-x86 GTK_IM_MODULE=fcitx XDG_CURRENT_DESKTOP=Unity LESSCLOSE=/usr/bin/lesspipe %s %s TEXTDOMAINDIR=/usr/share/locale/ LETV_PRODUCT_TYPE=GAE COLORTERM=gnome-terminal XAUTHORITY=/home/thomas/.Xauthority OUT_DIR=out PYTHONDONTWRITEBYTECODE=1 LC_MESSAGES=en_US.UTF-8 LANG=C.UTF-8 JAVA_HOME=/home/thomas/eui/t972/prebuilts/jdk/jdk9/linux-x86 ANDROID_JAVA_HOME=prebuilts/jdk/jdk9/linux-x86 ANDROID_JAVA8_HOME=prebuilts/jdk/jdk8/linux-x86 ANDROID_JAVA9_HOME=prebuilts/jdk/jdk9/linux-x86 PATH=/home/thomas/eui/t972/prebuilts/jdk/jdk9/linux-x86/bin:/home/thomas/eui/t972/prebuilts/jdk/jdk9/linux-x86/bin:/home/thomas/eui/t972/out/soong/host/linux-x86/bin:/home/thomas/eui/t972/out/host/linux-x86/bin:/home/thomas/eui/t972/prebuilts/gcc/linux-x86/arm/arm-linux-androideabi-4.9/bin:/home/thomas/eui/t972/development/scripts:/home/thomas/eui/t972/prebuilts/devtools/tools:/home/thomas/eui/t972/external/selinux/prebuilts/bin:/home/thomas/eui/t972/toolchain/gcc-linaro-6.3.1-2017.02-x86_64_arm-linux-gnueabihf/bin:/home/thomas/eui/t972/toolchain/arm_eabi-2011.03/bin:/home/thomas/eui/t972/toolchain/gcc-linaro-aarch64-none-elf-4.8-2013.11_linux/bin:/home/thomas/eui/t972/prebuilts/misc/linux-x86/dtc:/home/thomas/eui/t972/prebuilts/misc/linux-x86/libufdt:/opt/bin/Programmer/ADE/Android/SDK/platform-tools:/opt/bin/Programmer/ADE/Android/SDK/tools:/opt/bin/Programmer/ADE/Android/SDK/platform-tools/systrace:/home/thomas/bin:/opt/bin/Programmer/ADE/Android/android-studio/bin:/home/thomas/bin:/usr/local/sbin:/usr/local/bin:/usr/sbin:/usr/bin:/sbin:/bin:/usr/games:/usr/local/games:/opt/bin/AndAssist:/home/thomas/bin/amlogic/gcc-linaro-aarch64-linux-gnu-4.9-2014.09_linux/bin:/home/thomas/bin/amlogic/gcc-linaro-aarch64-linux-gnu-4.9-2014.09_linux/lib:/home/thomas/bin/amlogic/gcc-linaro-aarch64-none-elf-4.8-2013.11_linux/bin:/home/thomas/bin/amlogic/gcc-linaro-aarch64-none-elf-4.8-2013.11_linux/lib:/home/thomas/bin/amlogic/gcc-linaro-arm-linux-gnueabihf/bin:/home/thomas/bin/amlogic/gcc-linaro-arm-linux-gnueabihf/lib:/opt/bin/aosp_tools:/opt/bin/devtools:/opt/bin/Programmer/ADE/Python/IDE/pycharm-community-2019.1.1/bin:/disk2/thomas/sjPBP:/disk2/thomas/sjPBP/bin BUILD_DATETIME_FILE=out/build_date.txt]
15:35:57 prebuilts/build-tools/linux-x86/bin/ckati [prebuilts/build-tools/linux-x86/bin/ckati -f build/make/core/config.mk --color_warnings --kati_stats dump-many-vars MAKECMDGOALS=MODULES-IN-packages-apps-TV-common]
15:35:57 *kati*: Stack size: 8376320 bytes
device/amlogic/common/tuner/tuner.mk:25: warning: TUNER_MODULE is mxl661
hardware/amlogic/wifi/configs/wifi.mk:43: warning: WIFI_MOUDLE is multiwifi
hardware/amlogic/wifi/configs/wifi.mk:47: warning: WIFI_BUILD_IN is false
hardware/amlogic/bluetooth/configs/bluetooth.mk:20: warning: BLUETOOTH_MODULE is BCMBT
hardware/amlogic/bluetooth/configs/bluetooth.mk:24: warning: BLUETOOTH_INF is not set
device/letv/letv_gae/letv_gae.mk:507: warning: ###need_tv_feature=true, is_android_tv=false###       !!! Patch Warnning !!!  ### patch_dir CecAudio /home/thomas/eui/t972/vendor/amlogic/common/tools/auto_patch/CecAudio/external#aac#0001.patch failed,maybe already patched     !!! Patch Finish !!! 
15:35:58 *kati*: eval time: 1.084284
15:35:58 *kati*: 10 explicit rules
15:35:58 *kati*: 0 implicit rules
15:35:58 *kati*: 1 suffix rules
15:35:58 *kati*: make dep (populate): 0.000019
15:35:58 *kati*: make dep (build): 0.000003
15:35:58 *kati*: make dep time: 0.000027
15:35:58 *kati*: exec time: 0.001240
15:35:58 *kati*: Max stack use: 19712 bytes at build/target/product/embedded.mk:118
15:35:58 *kati*: parse eval time: 0.026390 / 37561
15:35:58 *kati*: parse file time: 0.005177 / 103
15:35:58 *kati*: func shell time: 0.999689 / 26
15:35:58 *kati*:  0.914 (vendor/amlogic/common/tools/auto_patch/auto_patch.sh true false)
15:35:58 *kati*:  0.019 test -d vendor && find -L vendor -maxdepth 6 -name .git -prune -o -name AndroidProducts.mk -print
15:35:58 *kati*:  0.015 test -d device && find -L device -maxdepth 6 -name .git -prune -o -name AndroidProducts.mk -print
15:35:58 *kati*:  0.008 test -d device && find -L device -maxdepth 4 -path '*/letv_gae/BoardConfig.mk'
15:35:58 *kati*:  0.007 find device vendor -maxdepth 4 -name '*_aux_variant_config.mk' -o -name '*_aux_os_config.mk'
15:35:58 *kati*:  0.005 find device/*/letv_gae -name version_id.mk
15:35:58 *kati*:  0.003 date +%Y%m%d
15:35:58 *kati*:  0.003 find device/letv/letv_gae/files/tv/tvconfig/ -name "*" -type f | sed -E "s:(device/letv/letv_gae/files/tv/tvconfig//?(.*)):\\1\\:/||VENDOR-PATH-PH||/etc/tvconfig/\\2:" | sed "s://:/:g"
15:35:58 *kati*:  0.002 test -d vendor && find -L vendor -maxdepth 4 -path '*/letv_gae/BoardConfig.mk'
15:35:58 *kati*:  0.002 if ! cmp -s out/soong/soong.variables.tmp out/soong/soong.variables; then mv out/soong/soong.variables.tmp out/soong/soong.variables; else rm out/soong/soong.variables.tmp; fi
15:35:58 *kati*: func wildcard time: 0.000567 / 85
15:35:58 *kati*: func sort time: 0.001028 / 2562
15:35:58 *kati*: 4309 symbols
15:35:58 NINJA_GOALS MODULES-IN-packages-apps-TV-common
15:35:58 KATI_GOALS 
15:35:58 TARGET_DEVICE letv_gae
15:35:58 TARGET_PRODUCT letv_gae
15:35:58 TARGET_BUILD_VARIANT userdebug
15:35:58 TARGET_BUILD_APPS 
15:35:58 CC_WRAPPER 
15:35:58 CXX_WRAPPER 
15:35:58 JAVAC_WRAPPER 
15:35:58 CCACHE_COMPILERCHECK 
15:35:58 CCACHE_SLOPPINESS 
15:35:58 CCACHE_BASEDIR 
15:35:58 CCACHE_CPP2 
15:35:58 PLATFORM_VERSION_CODENAME REL
15:35:58 PLATFORM_VERSION 9
15:35:58 TARGET_PRODUCT letv_gae
15:35:58 TARGET_BUILD_VARIANT userdebug
15:35:58 TARGET_BUILD_TYPE release
15:35:58 TARGET_BUILD_APPS 
15:35:58 TARGET_ARCH arm
15:35:58 TARGET_ARCH_VARIANT armv7-a-neon
15:35:58 TARGET_CPU_VARIANT cortex-a9
15:35:58 TARGET_2ND_ARCH 
15:35:58 TARGET_2ND_ARCH_VARIANT 
15:35:58 TARGET_2ND_CPU_VARIANT 
15:35:58 HOST_ARCH x86_64
15:35:58 HOST_2ND_ARCH x86
15:35:58 HOST_OS linux
15:35:58 HOST_OS_EXTRA Linux-4.4.0-148-generic-x86_64-Ubuntu-14.04.6-LTS
15:35:58 HOST_CROSS_OS windows
15:35:58 HOST_CROSS_ARCH x86
15:35:58 HOST_CROSS_2ND_ARCH x86_64
15:35:58 HOST_BUILD_TYPE release
15:35:58 BUILD_ID PPR1.180610.011
15:35:58 OUT_DIR out
15:35:58 AUX_OS_VARIANT_LIST 
15:35:58 TARGET_BUILD_PDK 
15:35:58 PDK_FUSION_PLATFORM_ZIP 
15:35:58 PRODUCT_SOONG_NAMESPACES 
15:35:58 LETV_PRODUCT_TYPE GAE
15:35:58 LETV_UI_TYPE cibn
============================================
PLATFORM_VERSION_CODENAME=REL
PLATFORM_VERSION=9
TARGET_PRODUCT=letv_gae
TARGET_BUILD_VARIANT=userdebug
TARGET_BUILD_TYPE=release
TARGET_ARCH=arm
TARGET_ARCH_VARIANT=armv7-a-neon
TARGET_CPU_VARIANT=cortex-a9
HOST_ARCH=x86_64
HOST_2ND_ARCH=x86
HOST_OS=linux
HOST_OS_EXTRA=Linux-4.4.0-148-generic-x86_64-Ubuntu-14.04.6-LTS
HOST_CROSS_OS=windows
HOST_CROSS_ARCH=x86
HOST_CROSS_2ND_ARCH=x86_64
HOST_BUILD_TYPE=release
BUILD_ID=PPR1.180610.011
OUT_DIR=out
LETV_PRODUCT_TYPE=GAE
LETV_UI_TYPE=cibn
============================================
15:35:58 build/blueprint/bootstrap.bash [build/blueprint/bootstrap.bash -t]
15:35:58 out/soong/.bootstrap/bin/soong_env [out/soong/.bootstrap/bin/soong_env out/soong/.soong.environment]
15:35:58 prebuilts/build-tools/linux-x86/bin/ninja [prebuilts/build-tools/linux-x86/bin/ninja -d keepdepfile -w dupbuild=err -j 6 -f out/soong/.minibootstrap/build.ninja -v]
ninja: no work to do.
15:35:58 Ninja log not modified, not importing any entries.
15:35:58 prebuilts/build-tools/linux-x86/bin/ninja [prebuilts/build-tools/linux-x86/bin/ninja -d keepdepfile -w dupbuild=err -j 6 -f out/soong/.bootstrap/build.ninja -v]
ninja: no work to do.
15:35:58 Ninja log not modified, not importing any entries.
15:35:58 prebuilts/build-tools/linux-x86/bin/ckati [prebuilts/build-tools/linux-x86/bin/ckati --ninja --ninja_dir=out --ninja_suffix=-letv_gae-packages_apps_TV_common_Android.mk-cleanspec --regen --detect_android_echo --color_warnings --gen_all_targets --werror_find_emulator --use_find_emulator -f build/make/core/cleanbuild.mk BUILDING_WITH_NINJA=true SOONG_MAKEVARS_MK=out/soong/make_vars-letv_gae.mk]
No need to regenerate ninja file
15:35:59 prebuilts/build-tools/linux-x86/bin/ckati [prebuilts/build-tools/linux-x86/bin/ckati --ninja --ninja_dir=out --ninja_suffix=-letv_gae-packages_apps_TV_common_Android.mk --regen --ignore_optional_include=out/%.P --detect_android_echo --color_warnings --gen_all_targets --werror_find_emulator --kati_stats -f build/make/core/main.mk --use_find_emulator BUILDING_WITH_NINJA=true SOONG_ANDROID_MK=out/soong/Android-letv_gae.mk SOONG_MAKEVARS_MK=out/soong/make_vars-letv_gae.mk]
No need to regenerate ninja file
15:36:00 *kati*: regen check time: 1.089426
15:36:00 *kati*: glob time (regen): 0.120499 / 14694
15:36:00 *kati*: shell time (regen): 1.057931 / 27
15:36:00 *kati*:  0.901 (vendor/amlogic/common/tools/auto_patch/auto_patch.sh true false)
15:36:00 *kati*:  0.103 find device vendor -type f -name \*.pk8 -o -name verifiedboot\* -o -name \*.x509.pem -o -name oem\*.prop
15:36:00 *kati*:  0.008 test -d device && find -L device -maxdepth 4 -path '*/letv_gae/BoardConfig.mk'
15:36:00 *kati*:  0.005 find device/*/letv_gae -name version_id.mk
15:36:00 *kati*:  0.005 mkdir -p out/target/product/letv_gae && echo Letv/letv_gae/letv_gae:9/PPR1.180610.011/thomas$(date -d @$(cat out/build_date.txt) +%m%d%H%M):userdebug/test-keys >out/target/product/letv_gae/build_fingerprint.txt && grep " " out/target/product/letv_gae/build_fingerprint.txt
15:36:00 *kati*:  0.004 mkdir -p out/target/product/letv_gae && echo 9/PPR1.180610.011/$(cat out/build_number.txt):userdebug/test-keys >out/target/product/letv_gae/build_thumbprint.txt && grep " " out/target/product/letv_gae/build_thumbprint.txt
15:36:00 *kati*:  0.003 date +%Y%m%d
15:36:00 *kati*:  0.003 mkdir -p out/empty && rm -rf out/empty/*
15:36:00 *kati*:  0.002 function sgrax() { while [ -n "$1" ] ; do echo $1 ; shift ; done } ; ( sgrax  14 15 16 17 18 19 20 21 22 23 24 25 26 27 28  | sort -g ) 
15:36:00 *kati*:  0.002 test -d vendor && find -L vendor -maxdepth 4 -path '*/letv_gae/BoardConfig.mk'
15:36:00 *kati*: stat time (regen): 0.007144 / 31
15:36:00 *kati*: 257 symbols
15:36:00 prebuilts/build-tools/linux-x86/bin/ninja [prebuilts/build-tools/linux-x86/bin/ninja -d keepdepfile MODULES-IN-packages-apps-TV-common -j 6 -f out/combined-letv_gae-packages_apps_TV_common_Android.mk.ninja -v -w dupbuild=err]
[  1% 1/96] /bin/bash -c "out/host/linux-x86/bin/aapt2 compile -o out/target/common/obj/JAVA_LIBRARIES/tv-common_intermediates/flat-res/res/packages/apps/TV/common/res/ --pseudo-localize --legacy packages/apps/TV/common/res/values-az-rAZ/strings.xml"
[  2% 2/96] /bin/bash -c "out/host/linux-x86/bin/aapt2 compile -o out/target/common/obj/JAVA_LIBRARIES/tv-common_intermediates/flat-res/res/packages/apps/TV/common/res/ --pseudo-localize --legacy packages/apps/TV/common/res/values-da/strings.xml"
[  3% 3/96] /bin/bash -c "out/host/linux-x86/bin/aapt2 compile -o out/target/common/obj/JAVA_LIBRARIES/tv-common_intermediates/flat-res/res/packages/apps/TV/common/res/ --pseudo-localize --legacy packages/apps/TV/common/res/transition/transition_action_background.xml"
[  4% 4/96] /bin/bash -c "out/host/linux-x86/bin/aapt2 compile -o out/target/common/obj/JAVA_LIBRARIES/tv-common_intermediates/flat-res/res/packages/apps/TV/common/res/ --pseudo-localize --legacy packages/apps/TV/common/res/values-af/strings.xml"
[  5% 5/96] /bin/bash -c "out/host/linux-x86/bin/aapt2 compile -o out/target/common/obj/JAVA_LIBRARIES/tv-common_intermediates/flat-res/res/packages/apps/TV/common/res/ --pseudo-localize --legacy packages/apps/TV/common/res/values-am/strings.xml"
[  6% 6/96] /bin/bash -c "out/host/linux-x86/bin/aapt2 compile -o out/target/common/obj/JAVA_LIBRARIES/tv-common_intermediates/flat-res/res/packages/apps/TV/common/res/ --pseudo-localize --legacy packages/apps/TV/common/res/values-de/strings.xml"
[  7% 7/96] /bin/bash -c "out/host/linux-x86/bin/aapt2 compile -o out/target/common/obj/JAVA_LIBRARIES/tv-common_intermediates/flat-res/res/packages/apps/TV/common/res/ --pseudo-localize --legacy packages/apps/TV/common/res/values-ar/strings.xml"
[  8% 8/96] /bin/bash -c "out/host/linux-x86/bin/aapt2 compile -o out/target/common/obj/JAVA_LIBRARIES/tv-common_intermediates/flat-res/res/packages/apps/TV/common/res/ --pseudo-localize --legacy packages/apps/TV/common/res/layout/fragment_setup_multi_pane.xml"
[  9% 9/96] /bin/bash -c "out/host/linux-x86/bin/aapt2 compile -o out/target/common/obj/JAVA_LIBRARIES/tv-common_intermediates/flat-res/res/packages/apps/TV/common/res/ --pseudo-localize --legacy packages/apps/TV/common/res/drawable/setup_action_button_done.xml"
[ 10% 10/96] /bin/bash -c "out/host/linux-x86/bin/aapt2 compile -o out/target/common/obj/JAVA_LIBRARIES/tv-common_intermediates/flat-res/res/packages/apps/TV/common/res/ --pseudo-localize --legacy packages/apps/TV/common/res/drawable/setup_selector_background.xml"
[ 11% 11/96] /bin/bash -c "out/host/linux-x86/bin/aapt2 compile -o out/target/common/obj/JAVA_LIBRARIES/tv-common_intermediates/flat-res/res/packages/apps/TV/common/res/ --pseudo-localize --legacy packages/apps/TV/common/res/layout/activity_setup.xml"
[ 12% 12/96] /bin/bash -c "out/host/linux-x86/bin/aapt2 compile -o out/target/common/obj/JAVA_LIBRARIES/tv-common_intermediates/flat-res/res/packages/apps/TV/common/res/ --pseudo-localize --legacy packages/apps/TV/common/res/values-bn-rBD/strings.xml"
[ 13% 13/96] /bin/bash -c "out/host/linux-x86/bin/aapt2 compile -o out/target/common/obj/JAVA_LIBRARIES/tv-common_intermediates/flat-res/res/packages/apps/TV/common/res/ --pseudo-localize --legacy packages/apps/TV/common/res/values-ca/strings.xml"
[ 14% 14/96] /bin/bash -c "out/host/linux-x86/bin/aapt2 compile -o out/target/common/obj/JAVA_LIBRARIES/tv-common_intermediates/flat-res/res/packages/apps/TV/common/res/ --pseudo-localize --legacy packages/apps/TV/common/res/values-el/strings.xml"
[ 15% 15/96] /bin/bash -c "out/host/linux-x86/bin/aapt2 compile -o out/target/common/obj/JAVA_LIBRARIES/tv-common_intermediates/flat-res/res/packages/apps/TV/common/res/ --pseudo-localize --legacy packages/apps/TV/common/res/values-cs/strings.xml"
[ 16% 16/96] /bin/bash -c "out/host/linux-x86/bin/aapt2 compile -o out/target/common/obj/JAVA_LIBRARIES/tv-common_intermediates/flat-res/res/packages/apps/TV/common/res/ --pseudo-localize --legacy packages/apps/TV/common/res/values-bg/strings.xml"
[ 17% 17/96] /bin/bash -c "out/host/linux-x86/bin/aapt2 compile -o out/target/common/obj/JAVA_LIBRARIES/tv-common_intermediates/flat-res/res/packages/apps/TV/common/res/ --pseudo-localize --legacy packages/apps/TV/common/res/values-en-rAU/strings.xml"
[ 18% 18/96] /bin/bash -c "out/host/linux-x86/bin/aapt2 compile -o out/target/common/obj/JAVA_LIBRARIES/tv-common_intermediates/flat-res/res/packages/apps/TV/common/res/ --pseudo-localize --legacy packages/apps/TV/common/res/values-en-rIN/strings.xml"
[ 19% 19/96] /bin/bash -c "out/host/linux-x86/bin/aapt2 compile -o out/target/common/obj/JAVA_LIBRARIES/tv-common_intermediates/flat-res/res/packages/apps/TV/common/res/ --pseudo-localize --legacy packages/apps/TV/common/res/values-en-rGB/strings.xml"
[ 20% 20/96] /bin/bash -c "out/host/linux-x86/bin/aapt2 compile -o out/target/common/obj/JAVA_LIBRARIES/tv-common_intermediates/flat-res/res/packages/apps/TV/common/res/ --pseudo-localize --legacy packages/apps/TV/common/res/values-es-rUS/strings.xml"
[ 21% 21/96] /bin/bash -c "out/host/linux-x86/bin/aapt2 compile -o out/target/common/obj/JAVA_LIBRARIES/tv-common_intermediates/flat-res/res/packages/apps/TV/common/res/ --pseudo-localize --legacy packages/apps/TV/common/res/values-eu-rES/strings.xml"
[ 22% 22/96] /bin/bash -c "out/host/linux-x86/bin/aapt2 compile -o out/target/common/obj/JAVA_LIBRARIES/tv-common_intermediates/flat-res/res/packages/apps/TV/common/res/ --pseudo-localize --legacy packages/apps/TV/common/res/values-fi/strings.xml"
[ 23% 23/96] /bin/bash -c "out/host/linux-x86/bin/aapt2 compile -o out/target/common/obj/JAVA_LIBRARIES/tv-common_intermediates/flat-res/res/packages/apps/TV/common/res/ --pseudo-localize --legacy packages/apps/TV/common/res/values-fa/strings.xml"
[ 25% 24/96] /bin/bash -c "out/host/linux-x86/bin/aapt2 compile -o out/target/common/obj/JAVA_LIBRARIES/tv-common_intermediates/flat-res/res/packages/apps/TV/common/res/ --pseudo-localize --legacy packages/apps/TV/common/res/values-et-rEE/strings.xml"
[ 26% 25/96] /bin/bash -c "out/host/linux-x86/bin/aapt2 compile -o out/target/common/obj/JAVA_LIBRARIES/tv-common_intermediates/flat-res/res/packages/apps/TV/common/res/ --pseudo-localize --legacy packages/apps/TV/common/res/values-fr-rCA/strings.xml"
[ 27% 26/96] /bin/bash -c "out/host/linux-x86/bin/aapt2 compile -o out/target/common/obj/JAVA_LIBRARIES/tv-common_intermediates/flat-res/res/packages/apps/TV/common/res/ --pseudo-localize --legacy packages/apps/TV/common/res/values-es/strings.xml"
[ 28% 27/96] /bin/bash -c "out/host/linux-x86/bin/aapt2 compile -o out/target/common/obj/JAVA_LIBRARIES/tv-common_intermediates/flat-res/res/packages/apps/TV/common/res/ --pseudo-localize --legacy packages/apps/TV/common/res/values-fr/strings.xml"
[ 29% 28/96] /bin/bash -c "out/host/linux-x86/bin/aapt2 compile -o out/target/common/obj/JAVA_LIBRARIES/tv-common_intermediates/flat-res/res/packages/apps/TV/common/res/ --pseudo-localize --legacy packages/apps/TV/common/res/values-gl-rES/strings.xml"
[ 30% 29/96] /bin/bash -c "out/host/linux-x86/bin/aapt2 compile -o out/target/common/obj/JAVA_LIBRARIES/tv-common_intermediates/flat-res/res/packages/apps/TV/common/res/ --pseudo-localize --legacy packages/apps/TV/common/res/values-gu-rIN/strings.xml"
[ 31% 30/96] /bin/bash -c "out/host/linux-x86/bin/aapt2 compile -o out/target/common/obj/JAVA_LIBRARIES/tv-common_intermediates/flat-res/res/packages/apps/TV/common/res/ --pseudo-localize --legacy packages/apps/TV/common/res/values-hi/strings.xml"
[ 32% 31/96] /bin/bash -c "out/host/linux-x86/bin/aapt2 compile -o out/target/common/obj/JAVA_LIBRARIES/tv-common_intermediates/flat-res/res/packages/apps/TV/common/res/ --pseudo-localize --legacy packages/apps/TV/common/res/values-hr/strings.xml"
[ 33% 32/96] /bin/bash -c "out/host/linux-x86/bin/aapt2 compile -o out/target/common/obj/JAVA_LIBRARIES/tv-common_intermediates/flat-res/res/packages/apps/TV/common/res/ --pseudo-localize --legacy packages/apps/TV/common/res/values-hu/strings.xml"
[ 34% 33/96] /bin/bash -c "out/host/linux-x86/bin/aapt2 compile -o out/target/common/obj/JAVA_LIBRARIES/tv-common_intermediates/flat-res/res/packages/apps/TV/common/res/ --pseudo-localize --legacy packages/apps/TV/common/res/values-hy-rAM/strings.xml"
[ 35% 34/96] /bin/bash -c "out/host/linux-x86/bin/aapt2 compile -o out/target/common/obj/JAVA_LIBRARIES/tv-common_intermediates/flat-res/res/packages/apps/TV/common/res/ --pseudo-localize --legacy packages/apps/TV/common/res/values-in/strings.xml"
[ 36% 35/96] /bin/bash -c "out/host/linux-x86/bin/aapt2 compile -o out/target/common/obj/JAVA_LIBRARIES/tv-common_intermediates/flat-res/res/packages/apps/TV/common/res/ --pseudo-localize --legacy packages/apps/TV/common/res/values-is-rIS/strings.xml"
[ 37% 36/96] /bin/bash -c "out/host/linux-x86/bin/aapt2 compile -o out/target/common/obj/JAVA_LIBRARIES/tv-common_intermediates/flat-res/res/packages/apps/TV/common/res/ --pseudo-localize --legacy packages/apps/TV/common/res/values-it/strings.xml"
[ 38% 37/96] /bin/bash -c "out/host/linux-x86/bin/aapt2 compile -o out/target/common/obj/JAVA_LIBRARIES/tv-common_intermediates/flat-res/res/packages/apps/TV/common/res/ --pseudo-localize --legacy packages/apps/TV/common/res/values-iw/strings.xml"
[ 39% 38/96] /bin/bash -c "out/host/linux-x86/bin/aapt2 compile -o out/target/common/obj/JAVA_LIBRARIES/tv-common_intermediates/flat-res/res/packages/apps/TV/common/res/ --pseudo-localize --legacy packages/apps/TV/common/res/values-ja/strings.xml"
[ 40% 39/96] /bin/bash -c "out/host/linux-x86/bin/aapt2 compile -o out/target/common/obj/JAVA_LIBRARIES/tv-common_intermediates/flat-res/res/packages/apps/TV/common/res/ --pseudo-localize --legacy packages/apps/TV/common/res/values-ka-rGE/strings.xml"
[ 41% 40/96] /bin/bash -c "out/host/linux-x86/bin/aapt2 compile -o out/target/common/obj/JAVA_LIBRARIES/tv-common_intermediates/flat-res/res/packages/apps/TV/common/res/ --pseudo-localize --legacy packages/apps/TV/common/res/values-kk-rKZ/strings.xml"
[ 42% 41/96] /bin/bash -c "out/host/linux-x86/bin/aapt2 compile -o out/target/common/obj/JAVA_LIBRARIES/tv-common_intermediates/flat-res/res/packages/apps/TV/common/res/ --pseudo-localize --legacy packages/apps/TV/common/res/values-ko/strings.xml"
[ 43% 42/96] /bin/bash -c "out/host/linux-x86/bin/aapt2 compile -o out/target/common/obj/JAVA_LIBRARIES/tv-common_intermediates/flat-res/res/packages/apps/TV/common/res/ --pseudo-localize --legacy packages/apps/TV/common/res/values-km-rKH/strings.xml"
[ 44% 43/96] /bin/bash -c "out/host/linux-x86/bin/aapt2 compile -o out/target/common/obj/JAVA_LIBRARIES/tv-common_intermediates/flat-res/res/packages/apps/TV/common/res/ --pseudo-localize --legacy packages/apps/TV/common/res/values-kn-rIN/strings.xml"
[ 45% 44/96] /bin/bash -c "out/host/linux-x86/bin/aapt2 compile -o out/target/common/obj/JAVA_LIBRARIES/tv-common_intermediates/flat-res/res/packages/apps/TV/common/res/ --pseudo-localize --legacy packages/apps/TV/common/res/values-ky-rKG/strings.xml"
[ 46% 45/96] /bin/bash -c "out/host/linux-x86/bin/aapt2 compile -o out/target/common/obj/JAVA_LIBRARIES/tv-common_intermediates/flat-res/res/packages/apps/TV/common/res/ --pseudo-localize --legacy packages/apps/TV/common/res/values-lo-rLA/strings.xml"
[ 47% 46/96] /bin/bash -c "out/host/linux-x86/bin/aapt2 compile -o out/target/common/obj/JAVA_LIBRARIES/tv-common_intermediates/flat-res/res/packages/apps/TV/common/res/ --pseudo-localize --legacy packages/apps/TV/common/res/values-lt/strings.xml"
[ 48% 47/96] /bin/bash -c "out/host/linux-x86/bin/aapt2 compile -o out/target/common/obj/JAVA_LIBRARIES/tv-common_intermediates/flat-res/res/packages/apps/TV/common/res/ --pseudo-localize --legacy packages/apps/TV/common/res/values-lv/strings.xml"
[ 50% 48/96] /bin/bash -c "out/host/linux-x86/bin/aapt2 compile -o out/target/common/obj/JAVA_LIBRARIES/tv-common_intermediates/flat-res/res/packages/apps/TV/common/res/ --pseudo-localize --legacy packages/apps/TV/common/res/values-mk-rMK/strings.xml"
[ 51% 49/96] /bin/bash -c "out/host/linux-x86/bin/aapt2 compile -o out/target/common/obj/JAVA_LIBRARIES/tv-common_intermediates/flat-res/res/packages/apps/TV/common/res/ --pseudo-localize --legacy packages/apps/TV/common/res/values-ml-rIN/strings.xml"
[ 52% 50/96] /bin/bash -c "out/host/linux-x86/bin/aapt2 compile -o out/target/common/obj/JAVA_LIBRARIES/tv-common_intermediates/flat-res/res/packages/apps/TV/common/res/ --pseudo-localize --legacy packages/apps/TV/common/res/values-mr-rIN/strings.xml"
[ 53% 51/96] /bin/bash -c "out/host/linux-x86/bin/aapt2 compile -o out/target/common/obj/JAVA_LIBRARIES/tv-common_intermediates/flat-res/res/packages/apps/TV/common/res/ --pseudo-localize --legacy packages/apps/TV/common/res/values-ms-rMY/strings.xml"
[ 54% 52/96] /bin/bash -c "out/host/linux-x86/bin/aapt2 compile -o out/target/common/obj/JAVA_LIBRARIES/tv-common_intermediates/flat-res/res/packages/apps/TV/common/res/ --pseudo-localize --legacy packages/apps/TV/common/res/values-mn-rMN/strings.xml"
[ 55% 53/96] /bin/bash -c "out/host/linux-x86/bin/aapt2 compile -o out/target/common/obj/JAVA_LIBRARIES/tv-common_intermediates/flat-res/res/packages/apps/TV/common/res/ --pseudo-localize --legacy packages/apps/TV/common/res/values-my-rMM/strings.xml"
[ 56% 54/96] /bin/bash -c "out/host/linux-x86/bin/aapt2 compile -o out/target/common/obj/JAVA_LIBRARIES/tv-common_intermediates/flat-res/res/packages/apps/TV/common/res/ --pseudo-localize --legacy packages/apps/TV/common/res/values-nb/strings.xml"
[ 57% 55/96] /bin/bash -c "out/host/linux-x86/bin/aapt2 compile -o out/target/common/obj/JAVA_LIBRARIES/tv-common_intermediates/flat-res/res/packages/apps/TV/common/res/ --pseudo-localize --legacy packages/apps/TV/common/res/values-ne-rNP/strings.xml"
[ 58% 56/96] /bin/bash -c "out/host/linux-x86/bin/aapt2 compile -o out/target/common/obj/JAVA_LIBRARIES/tv-common_intermediates/flat-res/res/packages/apps/TV/common/res/ --pseudo-localize --legacy packages/apps/TV/common/res/values-nl/strings.xml"
[ 59% 57/96] /bin/bash -c "out/host/linux-x86/bin/aapt2 compile -o out/target/common/obj/JAVA_LIBRARIES/tv-common_intermediates/flat-res/res/packages/apps/TV/common/res/ --pseudo-localize --legacy packages/apps/TV/common/res/values-pa-rIN/strings.xml"
[ 60% 58/96] /bin/bash -c "out/host/linux-x86/bin/aapt2 compile -o out/target/common/obj/JAVA_LIBRARIES/tv-common_intermediates/flat-res/res/packages/apps/TV/common/res/ --pseudo-localize --legacy packages/apps/TV/common/res/values-pl/strings.xml"
[ 61% 59/96] /bin/bash -c "out/host/linux-x86/bin/aapt2 compile -o out/target/common/obj/JAVA_LIBRARIES/tv-common_intermediates/flat-res/res/packages/apps/TV/common/res/ --pseudo-localize --legacy packages/apps/TV/common/res/values-pt-rPT/strings.xml"
[ 62% 60/96] /bin/bash -c "out/host/linux-x86/bin/aapt2 compile -o out/target/common/obj/JAVA_LIBRARIES/tv-common_intermediates/flat-res/res/packages/apps/TV/common/res/ --pseudo-localize --legacy packages/apps/TV/common/res/values-pt/strings.xml"
[ 63% 61/96] /bin/bash -c "out/host/linux-x86/bin/aapt2 compile -o out/target/common/obj/JAVA_LIBRARIES/tv-common_intermediates/flat-res/res/packages/apps/TV/common/res/ --pseudo-localize --legacy packages/apps/TV/common/res/values-ro/strings.xml"
[ 64% 62/96] /bin/bash -c "out/host/linux-x86/bin/aapt2 compile -o out/target/common/obj/JAVA_LIBRARIES/tv-common_intermediates/flat-res/res/packages/apps/TV/common/res/ --pseudo-localize --legacy packages/apps/TV/common/res/values-ru/strings.xml"
[ 65% 63/96] /bin/bash -c "out/host/linux-x86/bin/aapt2 compile -o out/target/common/obj/JAVA_LIBRARIES/tv-common_intermediates/flat-res/res/packages/apps/TV/common/res/ --pseudo-localize --legacy packages/apps/TV/common/res/values-si-rLK/strings.xml"
[ 66% 64/96] /bin/bash -c "out/host/linux-x86/bin/aapt2 compile -o out/target/common/obj/JAVA_LIBRARIES/tv-common_intermediates/flat-res/res/packages/apps/TV/common/res/ --pseudo-localize --legacy packages/apps/TV/common/res/values-sk/strings.xml"
[ 67% 65/96] /bin/bash -c "out/host/linux-x86/bin/aapt2 compile -o out/target/common/obj/JAVA_LIBRARIES/tv-common_intermediates/flat-res/res/packages/apps/TV/common/res/ --pseudo-localize --legacy packages/apps/TV/common/res/values-sl/strings.xml"
[ 68% 66/96] /bin/bash -c "out/host/linux-x86/bin/aapt2 compile -o out/target/common/obj/JAVA_LIBRARIES/tv-common_intermediates/flat-res/res/packages/apps/TV/common/res/ --pseudo-localize --legacy packages/apps/TV/common/res/values-sq-rAL/strings.xml"
[ 69% 67/96] /bin/bash -c "out/host/linux-x86/bin/aapt2 compile -o out/target/common/obj/JAVA_LIBRARIES/tv-common_intermediates/flat-res/res/packages/apps/TV/common/res/ --pseudo-localize --legacy packages/apps/TV/common/res/values-sr/strings.xml"
[ 70% 68/96] /bin/bash -c "out/host/linux-x86/bin/aapt2 compile -o out/target/common/obj/JAVA_LIBRARIES/tv-common_intermediates/flat-res/res/packages/apps/TV/common/res/ --pseudo-localize --legacy packages/apps/TV/common/res/values-sv/strings.xml"
[ 71% 69/96] /bin/bash -c "out/host/linux-x86/bin/aapt2 compile -o out/target/common/obj/JAVA_LIBRARIES/tv-common_intermediates/flat-res/res/packages/apps/TV/common/res/ --pseudo-localize --legacy packages/apps/TV/common/res/values-sw/strings.xml"
[ 72% 70/96] /bin/bash -c "out/host/linux-x86/bin/aapt2 compile -o out/target/common/obj/JAVA_LIBRARIES/tv-common_intermediates/flat-res/res/packages/apps/TV/common/res/ --pseudo-localize --legacy packages/apps/TV/common/res/values-th/strings.xml"
[ 73% 71/96] /bin/bash -c "out/host/linux-x86/bin/aapt2 compile -o out/target/common/obj/JAVA_LIBRARIES/tv-common_intermediates/flat-res/res/packages/apps/TV/common/res/ --pseudo-localize --legacy packages/apps/TV/common/res/values-tl/strings.xml"
[ 75% 72/96] /bin/bash -c "out/host/linux-x86/bin/aapt2 compile -o out/target/common/obj/JAVA_LIBRARIES/tv-common_intermediates/flat-res/res/packages/apps/TV/common/res/ --pseudo-localize --legacy packages/apps/TV/common/res/values-tr/strings.xml"
[ 76% 73/96] /bin/bash -c "out/host/linux-x86/bin/aapt2 compile -o out/target/common/obj/JAVA_LIBRARIES/tv-common_intermediates/flat-res/res/packages/apps/TV/common/res/ --pseudo-localize --legacy packages/apps/TV/common/res/values-ta-rIN/strings.xml"
[ 77% 74/96] /bin/bash -c "out/host/linux-x86/bin/aapt2 compile -o out/target/common/obj/JAVA_LIBRARIES/tv-common_intermediates/flat-res/res/packages/apps/TV/common/res/ --pseudo-localize --legacy packages/apps/TV/common/res/values-te-rIN/strings.xml"
[ 78% 75/96] /bin/bash -c "out/host/linux-x86/bin/aapt2 compile -o out/target/common/obj/JAVA_LIBRARIES/tv-common_intermediates/flat-res/res/packages/apps/TV/common/res/ --pseudo-localize --legacy packages/apps/TV/common/res/values-uk/strings.xml"
[ 79% 76/96] /bin/bash -c "out/host/linux-x86/bin/aapt2 compile -o out/target/common/obj/JAVA_LIBRARIES/tv-common_intermediates/flat-res/res/packages/apps/TV/common/res/ --pseudo-localize --legacy packages/apps/TV/common/res/values-ur-rPK/strings.xml"
[ 80% 77/96] /bin/bash -c "out/host/linux-x86/bin/aapt2 compile -o out/target/common/obj/JAVA_LIBRARIES/tv-common_intermediates/flat-res/res/packages/apps/TV/common/res/ --pseudo-localize --legacy packages/apps/TV/common/res/values-vi/strings.xml"
[ 81% 78/96] /bin/bash -c "out/host/linux-x86/bin/aapt2 compile -o out/target/common/obj/JAVA_LIBRARIES/tv-common_intermediates/flat-res/res/packages/apps/TV/common/res/ --pseudo-localize --legacy packages/apps/TV/common/res/values-uz-rUZ/strings.xml"
[ 82% 79/96] /bin/bash -c "out/host/linux-x86/bin/aapt2 compile -o out/target/common/obj/JAVA_LIBRARIES/tv-common_intermediates/flat-res/res/packages/apps/TV/common/res/ --pseudo-localize --legacy packages/apps/TV/common/res/values-zh-rCN/strings.xml"
[ 83% 80/96] /bin/bash -c "out/host/linux-x86/bin/aapt2 compile -o out/target/common/obj/JAVA_LIBRARIES/tv-common_intermediates/flat-res/res/packages/apps/TV/common/res/ --pseudo-localize --legacy packages/apps/TV/common/res/values/attrs.xml"
[ 84% 81/96] /bin/bash -c "out/host/linux-x86/bin/aapt2 compile -o out/target/common/obj/JAVA_LIBRARIES/tv-common_intermediates/flat-res/res/packages/apps/TV/common/res/ --pseudo-localize --legacy packages/apps/TV/common/res/values-zh-rHK/strings.xml"
[ 85% 82/96] /bin/bash -c "out/host/linux-x86/bin/aapt2 compile -o out/target/common/obj/JAVA_LIBRARIES/tv-common_intermediates/flat-res/res/packages/apps/TV/common/res/ --pseudo-localize --legacy packages/apps/TV/common/res/values-zh-rTW/strings.xml"
[ 86% 83/96] /bin/bash -c "out/host/linux-x86/bin/aapt2 compile -o out/target/common/obj/JAVA_LIBRARIES/tv-common_intermediates/flat-res/res/packages/apps/TV/common/res/ --pseudo-localize --legacy packages/apps/TV/common/res/values-zu/strings.xml"
[ 87% 84/96] /bin/bash -c "out/host/linux-x86/bin/aapt2 compile -o out/target/common/obj/JAVA_LIBRARIES/tv-common_intermediates/flat-res/res/packages/apps/TV/common/res/ --pseudo-localize --legacy packages/apps/TV/common/res/values/colors.xml"
[ 88% 85/96] /bin/bash -c "out/host/linux-x86/bin/aapt2 compile -o out/target/common/obj/JAVA_LIBRARIES/tv-common_intermediates/flat-res/res/packages/apps/TV/common/res/ --pseudo-localize --legacy packages/apps/TV/common/res/values/dimens.xml"
[ 89% 86/96] /bin/bash -c "out/host/linux-x86/bin/aapt2 compile -o out/target/common/obj/JAVA_LIBRARIES/tv-common_intermediates/flat-res/res/packages/apps/TV/common/res/ --pseudo-localize --legacy packages/apps/TV/common/res/values/integers.xml"
[ 90% 87/96] /bin/bash -c "out/host/linux-x86/bin/aapt2 compile -o out/target/common/obj/JAVA_LIBRARIES/tv-common_intermediates/flat-res/res/packages/apps/TV/common/res/ --pseudo-localize --legacy packages/apps/TV/common/res/values/strings.xml"
[ 91% 88/96] /bin/bash -c "out/host/linux-x86/bin/aapt2 compile -o out/target/common/obj/JAVA_LIBRARIES/tv-common_intermediates/flat-res/res/packages/apps/TV/common/res/ --pseudo-localize --legacy packages/apps/TV/common/res/values/themes.xml"
[ 92% 89/96] /bin/bash -c "out/host/linux-x86/bin/aapt2 compile -o out/target/common/obj/JAVA_LIBRARIES/tv-common_intermediates/flat-res/res/packages/apps/TV/common/res/ --pseudo-localize --legacy packages/apps/TV/common/res/values/styles.xml"
[ 93% 90/96] /bin/bash -c "(mkdir -p out/target/common/obj/JAVA_LIBRARIES/tv-common_intermediates/ && rm -f out/target/common/obj/JAVA_LIBRARIES/tv-common_intermediates/link_type ) && (build/make/tools/check_link_type.py --makefile packages/apps/TV/common/Android.mk --module tv-common --type \"java:system\" --allowed java:sdk --allowed java:system --allowed java:core --allowed aapt2_only  out/target/common/obj/JAVA_LIBRARIES/android-support-annotations_intermediates/link_type     out/target/common/obj/JAVA_LIBRARIES/android-support-compat_intermediates/link_type     out/target/common/obj/JAVA_LIBRARIES/android-support-core-ui_intermediates/link_type     out/target/common/obj/JAVA_LIBRARIES/android-support-v17-leanback_intermediates/link_type     out/target/common/obj/JAVA_LIBRARIES/android-support-v7-recyclerview_intermediates/link_type ) && (echo \"java:system\" >out/target/common/obj/JAVA_LIBRARIES/tv-common_intermediates/link_type )"
[ 94% 91/96] /bin/bash -c "(rm -rf out/target/common/obj/JAVA_LIBRARIES/tv-common_intermediates/aapt2 ) && (mkdir -p out/target/common/obj/JAVA_LIBRARIES/tv-common_intermediates/aapt2 ) && (rm -f out/target/common/obj/JAVA_LIBRARIES/tv-common_intermediates/aapt2-flat-list ) && (touch out/target/common/obj/JAVA_LIBRARIES/tv-common_intermediates/aapt2-flat-list ) && (echo -n 'out/target/common/obj/JAVA_LIBRARIES/tv-common_intermediates/flat-res/res/packages/apps/TV/common/res/drawable_setup_action_button_done.xml.flat out/target/common/obj/JAVA_LIBRARIES/tv-common_intermediates/flat-res/res/packages/apps/TV/common/res/drawable_setup_selector_background.xml.flat out/target/common/obj/JAVA_LIBRARIES/tv-common_intermediates/flat-res/res/packages/apps/TV/common/res/layout_activity_setup.xml.flat out/target/common/obj/JAVA_LIBRARIES/tv-common_intermediates/flat-res/res/packages/apps/TV/common/res/layout_fragment_setup_multi_pane.xml.flat out/target/common/obj/JAVA_LIBRARIES/tv-common_intermediates/flat-res/res/packages/apps/TV/common/res/transition_transition_action_background.xml.flat out/target/common/obj/JAVA_LIBRARIES/tv-common_intermediates/flat-res/res/packages/apps/TV/common/res/values-af_strings.arsc.flat out/target/common/obj/JAVA_LIBRARIES/tv-common_intermediates/flat-res/res/packages/apps/TV/common/res/values-am_strings.arsc.flat out/target/common/obj/JAVA_LIBRARIES/tv-common_intermediates/flat-res/res/packages/apps/TV/common/res/values-ar_strings.arsc.flat out/target/common/obj/JAVA_LIBRARIES/tv-common_intermediates/flat-res/res/packages/apps/TV/common/res/values-az-rAZ_strings.arsc.flat out/target/common/obj/JAVA_LIBRARIES/tv-common_intermediates/flat-res/res/packages/apps/TV/common/res/values-bg_strings.arsc.flat out/target/common/obj/JAVA_LIBRARIES/tv-common_intermediates/flat-res/res/packages/apps/TV/common/res/values-bn-rBD_strings.arsc.flat out/target/common/obj/JAVA_LIBRARIES/tv-common_intermediates/flat-res/res/packages/apps/TV/common/res/values-ca_strings.arsc.flat out/target/common/obj/JAVA_LIBRARIES/tv-common_intermediates/flat-res/res/packages/apps/TV/common/res/values-cs_strings.arsc.flat out/target/common/obj/JAVA_LIBRARIES/tv-common_intermediates/flat-res/res/packages/apps/TV/common/res/values-da_strings.arsc.flat out/target/common/obj/JAVA_LIBRARIES/tv-common_intermediates/flat-res/res/packages/apps/TV/common/res/values-de_strings.arsc.flat out/target/common/obj/JAVA_LIBRARIES/tv-common_intermediates/flat-res/res/packages/apps/TV/common/res/values-el_strings.arsc.flat out/target/common/obj/JAVA_LIBRARIES/tv-common_intermediates/flat-res/res/packages/apps/TV/common/res/values-en-rAU_strings.arsc.flat out/target/common/obj/JAVA_LIBRARIES/tv-common_intermediates/flat-res/res/packages/apps/TV/common/res/values-en-rGB_strings.arsc.flat out/target/common/obj/JAVA_LIBRARIES/tv-common_intermediates/flat-res/res/packages/apps/TV/common/res/values-en-rIN_strings.arsc.flat out/target/common/obj/JAVA_LIBRARIES/tv-common_intermediates/flat-res/res/packages/apps/TV/common/res/values-es-rUS_strings.arsc.flat out/target/common/obj/JAVA_LIBRARIES/tv-common_intermediates/flat-res/res/packages/apps/TV/common/res/values-es_strings.arsc.flat out/target/common/obj/JAVA_LIBRARIES/tv-common_intermediates/flat-res/res/packages/apps/TV/common/res/values-et-rEE_strings.arsc.flat out/target/common/obj/JAVA_LIBRARIES/tv-common_intermediates/flat-res/res/packages/apps/TV/common/res/values-eu-rES_strings.arsc.flat out/target/common/obj/JAVA_LIBRARIES/tv-common_intermediates/flat-res/res/packages/apps/TV/common/res/values-fa_strings.arsc.flat out/target/common/obj/JAVA_LIBRARIES/tv-common_intermediates/flat-res/res/packages/apps/TV/common/res/values-fi_strings.arsc.flat out/target/common/obj/JAVA_LIBRARIES/tv-common_intermediates/flat-res/res/packages/apps/TV/common/res/values-fr-rCA_strings.arsc.flat out/target/common/obj/JAVA_LIBRARIES/tv-common_intermediates/flat-res/res/packages/apps/TV/common/res/values-fr_strings.arsc.flat out/target/common/obj/JAVA_LIBRARIES/tv-common_intermediates/flat-res/res/packages/apps/TV/common/res/values-gl-rES_strings.arsc.flat out/target/common/obj/JAVA_LIBRARIES/tv-common_intermediates/flat-res/res/packages/apps/TV/common/res/values-gu-rIN_strings.arsc.flat out/target/common/obj/JAVA_LIBRARIES/tv-common_intermediates/flat-res/res/packages/apps/TV/common/res/values-hi_strings.arsc.flat out/target/common/obj/JAVA_LIBRARIES/tv-common_intermediates/flat-res/res/packages/apps/TV/common/res/values-hr_strings.arsc.flat out/target/common/obj/JAVA_LIBRARIES/tv-common_intermediates/flat-res/res/packages/apps/TV/common/res/values-hu_strings.arsc.flat out/target/common/obj/JAVA_LIBRARIES/tv-common_intermediates/flat-res/res/packages/apps/TV/common/res/values-hy-rAM_strings.arsc.flat out/target/common/obj/JAVA_LIBRARIES/tv-common_intermediates/flat-res/res/packages/apps/TV/common/res/values-in_strings.arsc.flat out/target/common/obj/JAVA_LIBRARIES/tv-common_intermediates/flat-res/res/packages/apps/TV/common/res/values-is-rIS_strings.arsc.flat out/target/common/obj/JAVA_LIBRARIES/tv-common_intermediates/flat-res/res/packages/apps/TV/common/res/values-it_strings.arsc.flat out/target/common/obj/JAVA_LIBRARIES/tv-common_intermediates/flat-res/res/packages/apps/TV/common/res/values-iw_strings.arsc.flat out/target/common/obj/JAVA_LIBRARIES/tv-common_intermediates/flat-res/res/packages/apps/TV/common/res/values-ja_strings.arsc.flat out/target/common/obj/JAVA_LIBRARIES/tv-common_intermediates/flat-res/res/packages/apps/TV/common/res/values-ka-rGE_strings.arsc.flat out/target/common/obj/JAVA_LIBRARIES/tv-common_intermediates/flat-res/res/packages/apps/TV/common/res/values-kk-rKZ_strings.arsc.flat out/target/common/obj/JAVA_LIBRARIES/tv-common_intermediates/flat-res/res/packages/apps/TV/common/res/values-km-rKH_strings.arsc.flat out/target/common/obj/JAVA_LIBRARIES/tv-common_intermediates/flat-res/res/packages/apps/TV/common/res/values-kn-rIN_strings.arsc.flat out/target/common/obj/JAVA_LIBRARIES/tv-common_intermediates/flat-res/res/packages/apps/TV/common/res/values-ko_strings.arsc.flat out/target/common/obj/JAVA_LIBRARIES/tv-common_intermediates/flat-res/res/packages/apps/TV/common/res/values-ky-rKG_strings.arsc.flat out/target/common/obj/JAVA_LIBRARIES/tv-common_intermediates/flat-res/res/packages/apps/TV/common/res/values-lo-rLA_strings.arsc.flat out/target/common/obj/JAVA_LIBRARIES/tv-common_intermediates/flat-res/res/packages/apps/TV/common/res/values-lt_strings.arsc.flat out/target/common/obj/JAVA_LIBRARIES/tv-common_intermediates/flat-res/res/packages/apps/TV/common/res/values-lv_strings.arsc.flat out/target/common/obj/JAVA_LIBRARIES/tv-common_intermediates/flat-res/res/packages/apps/TV/common/res/values-mk-rMK_strings.arsc.flat out/target/common/obj/JAVA_LIBRARIES/tv-common_intermediates/flat-res/res/packages/apps/TV/common/res/values-ml-rIN_strings.arsc.flat out/target/common/obj/JAVA_LIBRARIES/tv-common_intermediates/flat-res/res/packages/apps/TV/common/res/values-mn-rMN_strings.arsc.flat out/target/common/obj/JAVA_LIBRARIES/tv-common_intermediates/flat-res/res/packages/apps/TV/common/res/values-mr-rIN_strings.arsc.flat out/target/common/obj/JAVA_LIBRARIES/tv-common_intermediates/flat-res/res/packages/apps/TV/common/res/values-ms-rMY_strings.arsc.flat out/target/common/obj/JAVA_LIBRARIES/tv-common_intermediates/flat-res/res/packages/apps/TV/common/res/values-my-rMM_strings.arsc.flat out/target/common/obj/JAVA_LIBRARIES/tv-common_intermediates/flat-res/res/packages/apps/TV/common/res/values-nb_strings.arsc.flat out/target/common/obj/JAVA_LIBRARIES/tv-common_intermediates/flat-res/res/packages/apps/TV/common/res/values-ne-rNP_strings.arsc.flat out/target/common/obj/JAVA_LIBRARIES/tv-common_intermediates/flat-res/res/packages/apps/TV/common/res/values-nl_strings.arsc.flat out/target/common/obj/JAVA_LIBRARIES/tv-common_intermediates/flat-res/res/packages/apps/TV/common/res/values-pa-rIN_strings.arsc.flat out/target/common/obj/JAVA_LIBRARIES/tv-common_intermediates/flat-res/res/packages/apps/TV/common/res/values-pl_strings.arsc.flat out/target/common/obj/JAVA_LIBRARIES/tv-common_intermediates/flat-res/res/packages/apps/TV/common/res/values-pt-rPT_strings.arsc.flat out/target/common/obj/JAVA_LIBRARIES/tv-common_intermediates/flat-res/res/packages/apps/TV/common/res/values-pt_strings.arsc.flat out/target/common/obj/JAVA_LIBRARIES/tv-common_intermediates/flat-res/res/packages/apps/TV/common/res/values-ro_strings.arsc.flat out/target/common/obj/JAVA_LIBRARIES/tv-common_intermediates/flat-res/res/packages/apps/TV/common/res/values-ru_strings.arsc.flat out/target/common/obj/JAVA_LIBRARIES/tv-common_intermediates/flat-res/res/packages/apps/TV/common/res/values-si-rLK_strings.arsc.flat out/target/common/obj/JAVA_LIBRARIES/tv-common_intermediates/flat-res/res/packages/apps/TV/common/res/values-sk_strings.arsc.flat out/target/common/obj/JAVA_LIBRARIES/tv-common_intermediates/flat-res/res/packages/apps/TV/common/res/values-sl_strings.arsc.flat out/target/common/obj/JAVA_LIBRARIES/tv-common_intermediates/flat-res/res/packages/apps/TV/common/res/values-sq-rAL_strings.arsc.flat out/target/common/obj/JAVA_LIBRARIES/tv-common_intermediates/flat-res/res/packages/apps/TV/common/res/values-sr_strings.arsc.flat out/target/common/obj/JAVA_LIBRARIES/tv-common_intermediates/flat-res/res/packages/apps/TV/common/res/values-sv_strings.arsc.flat out/target/common/obj/JAVA_LIBRARIES/tv-common_intermediates/flat-res/res/packages/apps/TV/common/res/values-sw_strings.arsc.flat out/target/common/obj/JAVA_LIBRARIES/tv-common_intermediates/flat-res/res/packages/apps/TV/common/res/values-ta-rIN_strings.arsc.flat out/target/common/obj/JAVA_LIBRARIES/tv-common_intermediates/flat-res/res/packages/apps/TV/common/res/values-te-rIN_strings.arsc.flat out/target/common/obj/JAVA_LIBRARIES/tv-common_intermediates/flat-res/res/packages/apps/TV/common/res/values-th_strings.arsc.flat out/target/common/obj/JAVA_LIBRARIES/tv-common_intermediates/flat-res/res/packages/apps/TV/common/res/values-tl_strings.arsc.flat out/target/common/obj/JAVA_LIBRARIES/tv-common_intermediates/flat-res/res/packages/apps/TV/common/res/values-tr_strings.arsc.flat out/target/common/obj/JAVA_LIBRARIES/tv-common_intermediates/flat-res/res/packages/apps/TV/common/res/values-uk_strings.arsc.flat out/target/common/obj/JAVA_LIBRARIES/tv-common_intermediates/flat-res/res/packages/apps/TV/common/res/values-ur-rPK_strings.arsc.flat out/target/common/obj/JAVA_LIBRARIES/tv-common_intermediates/flat-res/res/packages/apps/TV/common/res/values-uz-rUZ_strings.arsc.flat out/target/common/obj/JAVA_LIBRARIES/tv-common_intermediates/flat-res/res/packages/apps/TV/common/res/values-vi_strings.arsc.flat out/target/common/obj/JAVA_LIBRARIES/tv-common_intermediates/flat-res/res/packages/apps/TV/common/res/values-zh-rCN_strings.arsc.flat out/target/common/obj/JAVA_LIBRARIES/tv-common_intermediates/flat-res/res/packages/apps/TV/common/res/values-zh-rHK_strings.arsc.flat out/target/common/obj/JAVA_LIBRARIES/tv-common_intermediates/flat-res/res/packages/apps/TV/common/res/values-zh-rTW_strings.arsc.flat out/target/common/obj/JAVA_LIBRARIES/tv-common_intermediates/flat-res/res/packages/apps/TV/common/res/values-zu_strings.arsc.flat out/target/common/obj/JAVA_LIBRARIES/tv-common_intermediates/flat-res/res/packages/apps/TV/common/res/values_attrs.arsc.flat out/target/common/obj/JAVA_LIBRARIES/tv-common_intermediates/flat-res/res/packages/apps/TV/common/res/values_colors.arsc.flat out/target/common/obj/JAVA_LIBRARIES/tv-common_intermediates/flat-res/res/packages/apps/TV/common/res/values_dimens.arsc.flat out/target/common/obj/JAVA_LIBRARIES/tv-common_intermediates/flat-res/res/packages/apps/TV/common/res/values_integers.arsc.flat out/target/common/obj/JAVA_LIBRARIES/tv-common_intermediates/flat-res/res/packages/apps/TV/common/res/values_strings.arsc.flat out/target/common/obj/JAVA_LIBRARIES/tv-common_intermediates/flat-res/res/packages/apps/TV/common/res/values_styles.arsc.flat out/target/common/obj/JAVA_LIBRARIES/tv-common_intermediates/flat-res/res/packages/apps/TV/common/res/values_themes.arsc.flat ' >> out/target/common/obj/JAVA_LIBRARIES/tv-common_intermediates/aapt2-flat-list ) && (rm -f out/target/common/obj/JAVA_LIBRARIES/tv-common_intermediates/aapt2-flat-overlay-list ) && (touch out/target/common/obj/JAVA_LIBRARIES/tv-common_intermediates/aapt2-flat-overlay-list ) && (out/host/linux-x86/bin/aapt2 link -o out/target/common/obj/JAVA_LIBRARIES/tv-common_intermediates/package-res.apk  --static-lib --output-text-symbols out/target/common/obj/JAVA_LIBRARIES/tv-common_intermediates/R.txt --no-static-lib-packages  --manifest packages/apps/TV/common/AndroidManifest.xml -I out/target/common/obj/APPS/framework-res_intermediates/package-export.apk -I out/target/common/obj/JAVA_LIBRARIES/android-support-compat_intermediates/package-res.apk -I out/target/common/obj/JAVA_LIBRARIES/android-support-core-ui_intermediates/package-res.apk -I out/target/common/obj/JAVA_LIBRARIES/android-support-v7-recyclerview_intermediates/package-res.apk -I out/target/common/obj/JAVA_LIBRARIES/android-support-v17-leanback_intermediates/package-res.apk  --java out/target/common/obj/JAVA_LIBRARIES/tv-common_intermediates/aapt2 --proguard out/target/common/obj/JAVA_LIBRARIES/tv-common_intermediates/proguard_options --min-sdk-version 28 --target-sdk-version 28    --version-code 28 --version-name 9   -R \\@out/target/common/obj/JAVA_LIBRARIES/tv-common_intermediates/aapt2-flat-overlay-list \\@out/target/common/obj/JAVA_LIBRARIES/tv-common_intermediates/aapt2-flat-list ) && (out/soong/host/linux-x86/bin/soong_zip -o out/target/common/obj/JAVA_LIBRARIES/tv-common_intermediates/aapt2.srcjar -C out/target/common/obj/JAVA_LIBRARIES/tv-common_intermediates/aapt2 -D out/target/common/obj/JAVA_LIBRARIES/tv-common_intermediates/aapt2 ) && (out/soong/host/linux-x86/bin/extract_jar_packages -i out/target/common/obj/JAVA_LIBRARIES/tv-common_intermediates/aapt2.srcjar -o out/target/common/obj/JAVA_LIBRARIES/tv-common_intermediates/extra_packages --prefix '--extra-packages ' ) && (rm -f out/target/common/obj/JAVA_LIBRARIES/tv-common_intermediates/src/R.stamp ) && (for GENERATED_MANIFEST_FILE in \`find out/target/common/obj/JAVA_LIBRARIES/tv-common_intermediates/aapt2 -name Manifest.java 2> /dev/null\`; do dir=\`awk '/package/{gsub(/\\./,\"/\",\$2);gsub(/;/,\"\",\$2);print \$2;exit}' \$GENERATED_MANIFEST_FILE\`; mkdir -p out/target/common/R/\$dir; prebuilts/build-tools/linux-x86/bin/acp -fp \$GENERATED_MANIFEST_FILE out/target/common/R/\$dir; done ) && (for GENERATED_R_FILE in \`find out/target/common/obj/JAVA_LIBRARIES/tv-common_intermediates/aapt2 -name R.java 2> /dev/null\`; do dir=\`awk '/package/{gsub(/\\./,\"/\",\$2);gsub(/;/,\"\",\$2);print \$2;exit}' \$GENERATED_R_FILE\`; mkdir -p out/target/common/R/\$dir; prebuilts/build-tools/linux-x86/bin/acp -fp \$GENERATED_R_FILE out/target/common/R/\$dir || exit 31; prebuilts/build-tools/linux-x86/bin/acp -fp \$GENERATED_R_FILE out/target/common/obj/JAVA_LIBRARIES/tv-common_intermediates/src/R.stamp || exit 32; done ) && (touch out/target/common/obj/JAVA_LIBRARIES/tv-common_intermediates/src/R.stamp )"
[ 95% 92/96] /bin/bash -c "(rm -f out/target/common/obj/JAVA_LIBRARIES/tv-common_intermediates/java-source-list ) && (rm -f out/target/common/obj/JAVA_LIBRARIES/tv-common_intermediates/java-source-list.tmp ) && (touch out/target/common/obj/JAVA_LIBRARIES/tv-common_intermediates/java-source-list.tmp ) && (echo -n 'out/target/product/letv_gae/gen/STATIC_JAVA_LIBRARIES/tv-common_intermediates/userdebug/BuildConfig.java packages/apps/TV/common/src/com/android/tv/common/BaseApplication.java packages/apps/TV/common/src/com/android/tv/common/BaseSingletons.java packages/apps/TV/common/src/com/android/tv/common/BooleanSystemProperty.java packages/apps/TV/common/src/com/android/tv/common/CommonConstants.java packages/apps/TV/common/src/com/android/tv/common/CommonPreferenceProvider.java packages/apps/TV/common/src/com/android/tv/common/CommonPreferences.java packages/apps/TV/common/src/com/android/tv/common/SoftPreconditions.java packages/apps/TV/common/src/com/android/tv/common/TvContentRatingCache.java packages/apps/TV/common/src/com/android/tv/common/WeakHandler.java packages/apps/TV/common/src/com/android/tv/common/actions/InputSetupActionUtils.java packages/apps/TV/common/src/com/android/tv/common/annotation/UsedByNative.java packages/apps/TV/common/src/com/android/tv/common/concurrent/NamedThreadFactory.java packages/apps/TV/common/src/com/android/tv/common/config/DefaultConfigManager.java packages/apps/TV/common/src/com/android/tv/common/config/RemoteConfigFeature.java packages/apps/TV/common/src/com/android/tv/common/config/api/RemoteConfig.java packages/apps/TV/common/src/com/android/tv/common/config/api/RemoteConfigValue.java packages/apps/TV/common/src/com/android/tv/common/customization/CustomAction.java packages/apps/TV/common/src/com/android/tv/common/customization/CustomizationManager.java packages/apps/TV/common/src/com/android/tv/common/experiments/ExperimentFlag.java packages/apps/TV/common/src/com/android/tv/common/experiments/ExperimentLoader.java packages/apps/TV/common/src/com/android/tv/common/experiments/Experiments.java packages/apps/TV/common/src/com/android/tv/common/feature/CommonFeatures.java packages/apps/TV/common/src/com/android/tv/common/feature/EngOnlyFeature.java packages/apps/TV/common/src/com/android/tv/common/feature/ExperimentFeature.java packages/apps/TV/common/src/com/android/tv/common/feature/Feature.java packages/apps/TV/common/src/com/android/tv/common/feature/FeatureUtils.java packages/apps/TV/common/src/com/android/tv/common/feature/GServiceFeature.java packages/apps/TV/common/src/com/android/tv/common/feature/Model.java packages/apps/TV/common/src/com/android/tv/common/feature/PackageVersionFeature.java packages/apps/TV/common/src/com/android/tv/common/feature/PropertyFeature.java packages/apps/TV/common/src/com/android/tv/common/feature/Sdk.java packages/apps/TV/common/src/com/android/tv/common/feature/SharedPreferencesFeature.java packages/apps/TV/common/src/com/android/tv/common/feature/SystemAppFeature.java packages/apps/TV/common/src/com/android/tv/common/feature/TestableFeature.java packages/apps/TV/common/src/com/android/tv/common/memory/MemoryManageable.java packages/apps/TV/common/src/com/android/tv/common/recording/RecordingCapability.java packages/apps/TV/common/src/com/android/tv/common/recording/RecordingStorageStatusManager.java packages/apps/TV/common/src/com/android/tv/common/ui/setup/OnActionClickListener.java packages/apps/TV/common/src/com/android/tv/common/ui/setup/SetupActionHelper.java packages/apps/TV/common/src/com/android/tv/common/ui/setup/SetupActivity.java packages/apps/TV/common/src/com/android/tv/common/ui/setup/SetupFragment.java packages/apps/TV/common/src/com/android/tv/common/ui/setup/SetupGuidedStepFragment.java packages/apps/TV/common/src/com/android/tv/common/ui/setup/SetupMultiPaneFragment.java packages/apps/TV/common/src/com/android/tv/common/ui/setup/animation/FadeAndShortSlide.java packages/apps/TV/common/src/com/android/tv/common/ui/setup/animation/SetupAnimationHelper.java packages/apps/TV/common/src/com/android/tv/common/ui/setup/animation/TranslationAnimationCreator.java packages/apps/TV/common/src/com/android/tv/common/util/AutoCloseableUtils.java packages/apps/TV/common/src/com/android/tv/common/util/Clock.java packages/apps/TV/common/src/com/android/tv/common/util/CollectionUtils.java packages/apps/TV/common/src/com/android/tv/common/util/CommonUtils.java packages/apps/TV/common/src/com/android/tv/common/util/ContentUriUtils.java packages/apps/TV/common/src/com/android/tv/common/util/Debug.java packages/apps/TV/common/src/com/android/tv/common/util/DurationTimer.java packages/apps/TV/common/src/com/android/tv/common/util/LocationUtils.java packages/apps/TV/common/src/com/android/tv/common/util/NetworkTrafficTags.java packages/apps/TV/common/src/com/android/tv/common/util/PermissionUtils.java packages/apps/TV/common/src/com/android/tv/common/util/PostalCodeUtils.java packages/apps/TV/common/src/com/android/tv/common/util/SharedPreferencesUtils.java packages/apps/TV/common/src/com/android/tv/common/util/StringUtils.java packages/apps/TV/common/src/com/android/tv/common/util/SystemProperties.java packages/apps/TV/common/src/com/android/tv/common/util/SystemPropertiesProxy.java ' >> out/target/common/obj/JAVA_LIBRARIES/tv-common_intermediates/java-source-list.tmp ) && (if [ -d \"out/target/common/obj/JAVA_LIBRARIES/tv-common_intermediates/src\" ]; then find out/target/common/obj/JAVA_LIBRARIES/tv-common_intermediates/src -name '*.java' -and -not -name '.*' >> out/target/common/obj/JAVA_LIBRARIES/tv-common_intermediates/java-source-list.tmp; fi ) && (tr ' ' '\\n' < out/target/common/obj/JAVA_LIBRARIES/tv-common_intermediates/java-source-list.tmp | build/make/tools/normalize_path.py | sort -u > out/target/common/obj/JAVA_LIBRARIES/tv-common_intermediates/java-source-list )"
[ 96% 93/96] /bin/bash -c "(rm -f out/target/common/obj/JAVA_LIBRARIES/tv-common_intermediates/classes-full-debug.jar ) && (rm -rf out/target/common/obj/JAVA_LIBRARIES/tv-common_intermediates/classes out/target/common/obj/JAVA_LIBRARIES/tv-common_intermediates/anno ) && (mkdir -p out/target/common/obj/JAVA_LIBRARIES/tv-common_intermediates/ ) && (mkdir -p out/target/common/obj/JAVA_LIBRARIES/tv-common_intermediates/classes out/target/common/obj/JAVA_LIBRARIES/tv-common_intermediates/anno ) && (out/soong/host/linux-x86/bin/zipsync -d out/target/common/obj/JAVA_LIBRARIES/tv-common_intermediates/srcjars -l out/target/common/obj/JAVA_LIBRARIES/tv-common_intermediates/srcjar-list -f \"*.java\"  out/target/common/obj/JAVA_LIBRARIES/tv-common_intermediates/aapt2.srcjar ) && (if [ -s out/target/common/obj/JAVA_LIBRARIES/tv-common_intermediates/java-source-list -o -s out/target/common/obj/JAVA_LIBRARIES/tv-common_intermediates/srcjar-list ] ; then out/soong/host/linux-x86/bin/soong_javac_wrapper  prebuilts/jdk/jdk9/linux-x86/bin/javac -Xmaxerrs 9999999 -encoding UTF-8 -sourcepath \"\" -g -XDskipDuplicateBridges=true -XDstringConcat=inline -encoding UTF-8   -bootclasspath out/target/common/obj/JAVA_LIBRARIES/android_system_stubs_current_intermediates/classes-header.jar:out/target/common/obj/JAVA_LIBRARIES/core-lambda-stubs_intermediates/classes-header.jar:out/target/common/obj/JAVA_LIBRARIES/framework-letv_intermediates/classes.jar  -classpath out/target/common/obj/JAVA_LIBRARIES/android-support-annotations_intermediates/classes.jar:out/target/common/obj/JAVA_LIBRARIES/android-support-compat_intermediates/classes.jar:out/target/common/obj/JAVA_LIBRARIES/android-support-core-ui_intermediates/classes.jar:out/target/common/obj/JAVA_LIBRARIES/android-support-v17-leanback_intermediates/classes.jar:out/target/common/obj/JAVA_LIBRARIES/android-support-v7-recyclerview_intermediates/classes.jar  -d out/target/common/obj/JAVA_LIBRARIES/tv-common_intermediates/classes -s out/target/common/obj/JAVA_LIBRARIES/tv-common_intermediates/anno  -source 1.8 -target 1.8  \\@out/target/common/obj/JAVA_LIBRARIES/tv-common_intermediates/java-source-list \\@out/target/common/obj/JAVA_LIBRARIES/tv-common_intermediates/srcjar-list || ( rm -rf out/target/common/obj/JAVA_LIBRARIES/tv-common_intermediates/classes ; exit 41 ) fi ) && (find out/target/common/obj/JAVA_LIBRARIES/tv-common_intermediates/classes -name 'R.class' -o -name 'R\$*.class' -o -name 'Manifest.class' -o -name 'Manifest\$*.class' | xargs rm -rf ) && (prebuilts/jdk/jdk9/linux-x86/bin/jar -cf out/target/common/obj/JAVA_LIBRARIES/tv-common_intermediates/classes-full-debug.jar     @<(find out/target/common/obj/JAVA_LIBRARIES/tv-common_intermediates/classes -type f | sort | build/soong/scripts/jar-args.sh out/target/common/obj/JAVA_LIBRARIES/tv-common_intermediates/classes; echo \"-C out/empty .\") )"
packages/apps/TV/common/src/com/android/tv/common/recording/RecordingStorageStatusManager.java:348: warning: non-varargs call of varargs method with inexact argument type for last parameter;
            Method method = activityThreadClass.getDeclaredMethod("currentProcessName", null);
                                                                                        ^
  cast to Class<?> for a varargs call
  cast to Class<?>[] for a non-varargs call and to suppress this warning
1 warning
[ 97% 94/96] /bin/bash -c "out/soong/host/linux-x86/bin/merge_zips -j --ignore-duplicates              -stripDir META-INF -zipToNotStrip out/target/common/obj/JAVA_LIBRARIES/tv-common_intermediates/classes-full-debug.jar             out/target/common/obj/JAVA_LIBRARIES/tv-common_intermediates/classes-combined.jar out/target/common/obj/JAVA_LIBRARIES/tv-common_intermediates/classes-full-debug.jar"
[ 98% 95/96] /bin/bash -c "(rm -f out/target/common/obj/JAVA_LIBRARIES/tv-common_intermediates/classes.jar ) && (cp \"out/target/common/obj/JAVA_LIBRARIES/tv-common_intermediates/classes-combined.jar\" \"out/target/common/obj/JAVA_LIBRARIES/tv-common_intermediates/classes.jar\" )"
[100% 96/96] /bin/bash -c "(rm -f out/target/product/letv_gae/obj/JAVA_LIBRARIES/tv-common_intermediates/javalib.jar ) && (cp \"out/target/common/obj/JAVA_LIBRARIES/tv-common_intermediates/classes.jar\" \"out/target/product/letv_gae/obj/JAVA_LIBRARIES/tv-common_intermediates/javalib.jar\" )"

#### build completed successfully (9 seconds) ####

thomas@XancL03:~/eui/t972/packages/apps/TV/common$ 
